2024-03-20 00:00:04,016 DEBUG c.z.h.p.HikariPool [HikariPool-1 housekeeper] HikariPool-1 - Pool stats (total=10, active=0, idle=10, waiting=0)
2024-03-20 00:00:04,020 DEBUG c.z.h.p.HikariPool [HikariPool-1 housekeeper] HikariPool-1 - Fill pool skipped, pool has sufficient level or currently being filled (queueDepth=0).
2024-03-20 00:00:34,023 DEBUG c.z.h.p.HikariPool [HikariPool-1 housekeeper] HikariPool-1 - Pool stats (total=10, active=0, idle=10, waiting=0)
2024-03-20 00:00:34,023 DEBUG c.z.h.p.HikariPool [HikariPool-1 housekeeper] HikariPool-1 - Fill pool skipped, pool has sufficient level or currently being filled (queueDepth=0).
2024-03-20 00:01:04,027 DEBUG c.z.h.p.HikariPool [HikariPool-1 housekeeper] HikariPool-1 - Pool stats (total=10, active=0, idle=10, waiting=0)
2024-03-20 00:01:04,027 DEBUG c.z.h.p.HikariPool [HikariPool-1 housekeeper] HikariPool-1 - Fill pool skipped, pool has sufficient level or currently being filled (queueDepth=0).
2024-03-20 00:01:34,036 DEBUG c.z.h.p.HikariPool [HikariPool-1 housekeeper] HikariPool-1 - Pool stats (total=10, active=0, idle=10, waiting=0)
2024-03-20 00:01:34,036 DEBUG c.z.h.p.HikariPool [HikariPool-1 housekeeper] HikariPool-1 - Fill pool skipped, pool has sufficient level or currently being filled (queueDepth=0).
2024-03-20 00:02:04,037 DEBUG c.z.h.p.HikariPool [HikariPool-1 housekeeper] HikariPool-1 - Pool stats (total=10, active=0, idle=10, waiting=0)
2024-03-20 00:02:04,037 DEBUG c.z.h.p.HikariPool [HikariPool-1 housekeeper] HikariPool-1 - Fill pool skipped, pool has sufficient level or currently being filled (queueDepth=0).
2024-03-20 00:02:34,039 DEBUG c.z.h.p.HikariPool [HikariPool-1 housekeeper] HikariPool-1 - Pool stats (total=10, active=0, idle=10, waiting=0)
2024-03-20 00:02:34,039 DEBUG c.z.h.p.HikariPool [HikariPool-1 housekeeper] HikariPool-1 - Fill pool skipped, pool has sufficient level or currently being filled (queueDepth=0).
2024-03-20 00:03:04,048 DEBUG c.z.h.p.HikariPool [HikariPool-1 housekeeper] HikariPool-1 - Pool stats (total=10, active=0, idle=10, waiting=0)
2024-03-20 00:03:04,049 DEBUG c.z.h.p.HikariPool [HikariPool-1 housekeeper] HikariPool-1 - Fill pool skipped, pool has sufficient level or currently being filled (queueDepth=0).
2024-03-20 00:03:34,052 DEBUG c.z.h.p.HikariPool [HikariPool-1 housekeeper] HikariPool-1 - Pool stats (total=10, active=0, idle=10, waiting=0)
2024-03-20 00:03:34,052 DEBUG c.z.h.p.HikariPool [HikariPool-1 housekeeper] HikariPool-1 - Fill pool skipped, pool has sufficient level or currently being filled (queueDepth=0).
2024-03-20 00:04:04,068 DEBUG c.z.h.p.HikariPool [HikariPool-1 housekeeper] HikariPool-1 - Pool stats (total=10, active=0, idle=10, waiting=0)
2024-03-20 00:04:04,068 DEBUG c.z.h.p.HikariPool [HikariPool-1 housekeeper] HikariPool-1 - Fill pool skipped, pool has sufficient level or currently being filled (queueDepth=0).
2024-03-20 00:04:34,078 DEBUG c.z.h.p.HikariPool [HikariPool-1 housekeeper] HikariPool-1 - Pool stats (total=10, active=0, idle=10, waiting=0)
2024-03-20 00:04:34,078 DEBUG c.z.h.p.HikariPool [HikariPool-1 housekeeper] HikariPool-1 - Fill pool skipped, pool has sufficient level or currently being filled (queueDepth=0).
2024-03-20 00:05:04,079 DEBUG c.z.h.p.HikariPool [HikariPool-1 housekeeper] HikariPool-1 - Pool stats (total=10, active=0, idle=10, waiting=0)
2024-03-20 00:05:04,079 DEBUG c.z.h.p.HikariPool [HikariPool-1 housekeeper] HikariPool-1 - Fill pool skipped, pool has sufficient level or currently being filled (queueDepth=0).
2024-03-20 00:05:34,087 DEBUG c.z.h.p.HikariPool [HikariPool-1 housekeeper] HikariPool-1 - Pool stats (total=10, active=0, idle=10, waiting=0)
2024-03-20 00:05:34,087 DEBUG c.z.h.p.HikariPool [HikariPool-1 housekeeper] HikariPool-1 - Fill pool skipped, pool has sufficient level or currently being filled (queueDepth=0).
2024-03-20 00:06:04,100 DEBUG c.z.h.p.HikariPool [HikariPool-1 housekeeper] HikariPool-1 - Pool stats (total=10, active=0, idle=10, waiting=0)
2024-03-20 00:06:04,101 DEBUG c.z.h.p.HikariPool [HikariPool-1 housekeeper] HikariPool-1 - Fill pool skipped, pool has sufficient level or currently being filled (queueDepth=0).
2024-03-20 00:06:34,106 DEBUG c.z.h.p.HikariPool [HikariPool-1 housekeeper] HikariPool-1 - Pool stats (total=10, active=0, idle=10, waiting=0)
2024-03-20 00:06:34,106 DEBUG c.z.h.p.HikariPool [HikariPool-1 housekeeper] HikariPool-1 - Fill pool skipped, pool has sufficient level or currently being filled (queueDepth=0).
2024-03-20 00:07:04,115 DEBUG c.z.h.p.HikariPool [HikariPool-1 housekeeper] HikariPool-1 - Pool stats (total=10, active=0, idle=10, waiting=0)
2024-03-20 00:07:04,115 DEBUG c.z.h.p.HikariPool [HikariPool-1 housekeeper] HikariPool-1 - Fill pool skipped, pool has sufficient level or currently being filled (queueDepth=0).
2024-03-20 00:07:34,125 DEBUG c.z.h.p.HikariPool [HikariPool-1 housekeeper] HikariPool-1 - Pool stats (total=10, active=0, idle=10, waiting=0)
2024-03-20 00:07:34,125 DEBUG c.z.h.p.HikariPool [HikariPool-1 housekeeper] HikariPool-1 - Fill pool skipped, pool has sufficient level or currently being filled (queueDepth=0).
2024-03-20 00:08:04,130 DEBUG c.z.h.p.HikariPool [HikariPool-1 housekeeper] HikariPool-1 - Pool stats (total=10, active=0, idle=10, waiting=0)
2024-03-20 00:08:04,130 DEBUG c.z.h.p.HikariPool [HikariPool-1 housekeeper] HikariPool-1 - Fill pool skipped, pool has sufficient level or currently being filled (queueDepth=0).
2024-03-20 00:08:34,142 DEBUG c.z.h.p.HikariPool [HikariPool-1 housekeeper] HikariPool-1 - Pool stats (total=10, active=0, idle=10, waiting=0)
2024-03-20 00:08:34,142 DEBUG c.z.h.p.HikariPool [HikariPool-1 housekeeper] HikariPool-1 - Fill pool skipped, pool has sufficient level or currently being filled (queueDepth=0).
2024-03-20 00:09:04,151 DEBUG c.z.h.p.HikariPool [HikariPool-1 housekeeper] HikariPool-1 - Pool stats (total=10, active=0, idle=10, waiting=0)
2024-03-20 00:09:04,151 DEBUG c.z.h.p.HikariPool [HikariPool-1 housekeeper] HikariPool-1 - Fill pool skipped, pool has sufficient level or currently being filled (queueDepth=0).
2024-03-20 00:09:34,151 DEBUG c.z.h.p.HikariPool [HikariPool-1 housekeeper] HikariPool-1 - Pool stats (total=10, active=0, idle=10, waiting=0)
2024-03-20 00:09:34,151 DEBUG c.z.h.p.HikariPool [HikariPool-1 housekeeper] HikariPool-1 - Fill pool skipped, pool has sufficient level or currently being filled (queueDepth=0).
2024-03-20 00:10:04,164 DEBUG c.z.h.p.HikariPool [HikariPool-1 housekeeper] HikariPool-1 - Pool stats (total=10, active=0, idle=10, waiting=0)
2024-03-20 00:10:04,164 DEBUG c.z.h.p.HikariPool [HikariPool-1 housekeeper] HikariPool-1 - Fill pool skipped, pool has sufficient level or currently being filled (queueDepth=0).
2024-03-20 00:10:34,170 DEBUG c.z.h.p.HikariPool [HikariPool-1 housekeeper] HikariPool-1 - Pool stats (total=10, active=0, idle=10, waiting=0)
2024-03-20 00:10:34,170 DEBUG c.z.h.p.HikariPool [HikariPool-1 housekeeper] HikariPool-1 - Fill pool skipped, pool has sufficient level or currently being filled (queueDepth=0).
2024-03-20 00:11:04,174 DEBUG c.z.h.p.HikariPool [HikariPool-1 housekeeper] HikariPool-1 - Pool stats (total=10, active=0, idle=10, waiting=0)
2024-03-20 00:11:04,175 DEBUG c.z.h.p.HikariPool [HikariPool-1 housekeeper] HikariPool-1 - Fill pool skipped, pool has sufficient level or currently being filled (queueDepth=0).
2024-03-20 00:11:34,179 DEBUG c.z.h.p.HikariPool [HikariPool-1 housekeeper] HikariPool-1 - Pool stats (total=10, active=0, idle=10, waiting=0)
2024-03-20 00:11:34,179 DEBUG c.z.h.p.HikariPool [HikariPool-1 housekeeper] HikariPool-1 - Fill pool skipped, pool has sufficient level or currently being filled (queueDepth=0).
2024-03-20 00:12:04,193 DEBUG c.z.h.p.HikariPool [HikariPool-1 housekeeper] HikariPool-1 - Pool stats (total=10, active=0, idle=10, waiting=0)
2024-03-20 00:12:04,194 DEBUG c.z.h.p.HikariPool [HikariPool-1 housekeeper] HikariPool-1 - Fill pool skipped, pool has sufficient level or currently being filled (queueDepth=0).
2024-03-20 00:12:34,206 DEBUG c.z.h.p.HikariPool [HikariPool-1 housekeeper] HikariPool-1 - Pool stats (total=10, active=0, idle=10, waiting=0)
2024-03-20 00:12:34,206 DEBUG c.z.h.p.HikariPool [HikariPool-1 housekeeper] HikariPool-1 - Fill pool skipped, pool has sufficient level or currently being filled (queueDepth=0).
2024-03-20 00:13:04,212 DEBUG c.z.h.p.HikariPool [HikariPool-1 housekeeper] HikariPool-1 - Pool stats (total=10, active=0, idle=10, waiting=0)
2024-03-20 00:13:04,212 DEBUG c.z.h.p.HikariPool [HikariPool-1 housekeeper] HikariPool-1 - Fill pool skipped, pool has sufficient level or currently being filled (queueDepth=0).
2024-03-20 00:13:07,777 DEBUG c.z.h.p.PoolBase [HikariPool-1 connection closer] HikariPool-1 - Closing connection com.mysql.cj.jdbc.ConnectionImpl@6cf29d49: (connection has passed maxLifetime)
2024-03-20 00:13:07,792 DEBUG c.z.h.p.HikariPool$PoolEntryCreator [HikariPool-1 connection adder] HikariPool-1 - Added connection com.mysql.cj.jdbc.ConnectionImpl@6bc7f58a
2024-03-20 00:13:26,337 DEBUG c.z.h.p.PoolBase [HikariPool-1 connection closer] HikariPool-1 - Closing connection com.mysql.cj.jdbc.ConnectionImpl@6befc9ad: (connection has passed maxLifetime)
2024-03-20 00:13:26,350 DEBUG c.z.h.p.HikariPool$PoolEntryCreator [HikariPool-1 connection adder] HikariPool-1 - Added connection com.mysql.cj.jdbc.ConnectionImpl@48783550
2024-03-20 00:13:27,708 DEBUG c.z.h.p.PoolBase [HikariPool-1 connection closer] HikariPool-1 - Closing connection com.mysql.cj.jdbc.ConnectionImpl@67aa142b: (connection has passed maxLifetime)
2024-03-20 00:13:27,720 DEBUG c.z.h.p.HikariPool$PoolEntryCreator [HikariPool-1 connection adder] HikariPool-1 - Added connection com.mysql.cj.jdbc.ConnectionImpl@9453f6b
2024-03-20 00:13:34,226 DEBUG c.z.h.p.HikariPool [HikariPool-1 housekeeper] HikariPool-1 - Pool stats (total=10, active=0, idle=10, waiting=0)
2024-03-20 00:13:34,226 DEBUG c.z.h.p.HikariPool [HikariPool-1 housekeeper] HikariPool-1 - Fill pool skipped, pool has sufficient level or currently being filled (queueDepth=0).
2024-03-20 00:13:40,373 DEBUG c.z.h.p.PoolBase [HikariPool-1 connection closer] HikariPool-1 - Closing connection com.mysql.cj.jdbc.ConnectionImpl@26971e10: (connection has passed maxLifetime)
2024-03-20 00:13:40,386 DEBUG c.z.h.p.HikariPool$PoolEntryCreator [HikariPool-1 connection adder] HikariPool-1 - Added connection com.mysql.cj.jdbc.ConnectionImpl@395119ba
2024-03-20 00:13:45,671 DEBUG c.z.h.p.PoolBase [HikariPool-1 connection closer] HikariPool-1 - Closing connection com.mysql.cj.jdbc.ConnectionImpl@5f177989: (connection has passed maxLifetime)
2024-03-20 00:13:45,684 DEBUG c.z.h.p.HikariPool$PoolEntryCreator [HikariPool-1 connection adder] HikariPool-1 - Added connection com.mysql.cj.jdbc.ConnectionImpl@71b78798
2024-03-20 00:13:45,795 DEBUG c.z.h.p.PoolBase [HikariPool-1 connection closer] HikariPool-1 - Closing connection com.mysql.cj.jdbc.ConnectionImpl@2a654a3: (connection has passed maxLifetime)
2024-03-20 00:13:45,806 DEBUG c.z.h.p.HikariPool$PoolEntryCreator [HikariPool-1 connection adder] HikariPool-1 - Added connection com.mysql.cj.jdbc.ConnectionImpl@308a8da3
2024-03-20 00:14:04,232 DEBUG c.z.h.p.HikariPool [HikariPool-1 housekeeper] HikariPool-1 - Pool stats (total=10, active=0, idle=10, waiting=0)
2024-03-20 00:14:04,232 DEBUG c.z.h.p.HikariPool [HikariPool-1 housekeeper] HikariPool-1 - Fill pool skipped, pool has sufficient level or currently being filled (queueDepth=0).
2024-03-20 00:14:24,604 DEBUG c.z.h.p.PoolBase [HikariPool-1 connection closer] HikariPool-1 - Closing connection com.mysql.cj.jdbc.ConnectionImpl@2e0414a1: (connection has passed maxLifetime)
2024-03-20 00:14:24,618 DEBUG c.z.h.p.HikariPool$PoolEntryCreator [HikariPool-1 connection adder] HikariPool-1 - Added connection com.mysql.cj.jdbc.ConnectionImpl@3e2902f0
2024-03-20 00:14:33,443 DEBUG c.z.h.p.PoolBase [HikariPool-1 connection closer] HikariPool-1 - Closing connection com.mysql.cj.jdbc.ConnectionImpl@1f6059b5: (connection has passed maxLifetime)
2024-03-20 00:14:33,461 DEBUG c.z.h.p.HikariPool$PoolEntryCreator [HikariPool-1 connection adder] HikariPool-1 - Added connection com.mysql.cj.jdbc.ConnectionImpl@5e84bf39
2024-03-20 00:14:34,234 DEBUG c.z.h.p.HikariPool [HikariPool-1 housekeeper] HikariPool-1 - Pool stats (total=10, active=0, idle=10, waiting=0)
2024-03-20 00:14:34,234 DEBUG c.z.h.p.HikariPool [HikariPool-1 housekeeper] HikariPool-1 - Fill pool skipped, pool has sufficient level or currently being filled (queueDepth=0).
2024-03-20 00:14:35,777 DEBUG c.z.h.p.PoolBase [HikariPool-1 connection closer] HikariPool-1 - Closing connection com.mysql.cj.jdbc.ConnectionImpl@6f391e9a: (connection has passed maxLifetime)
2024-03-20 00:14:35,789 DEBUG c.z.h.p.HikariPool$PoolEntryCreator [HikariPool-1 connection adder] HikariPool-1 - Added connection com.mysql.cj.jdbc.ConnectionImpl@1fb9b502
2024-03-20 00:14:50,741 DEBUG c.z.h.p.PoolBase [HikariPool-1 connection closer] HikariPool-1 - Closing connection com.mysql.cj.jdbc.ConnectionImpl@2c35e1ec: (connection has passed maxLifetime)
2024-03-20 00:14:50,754 DEBUG c.z.h.p.HikariPool$PoolEntryCreator [HikariPool-1 connection adder] HikariPool-1 - Added connection com.mysql.cj.jdbc.ConnectionImpl@187fe75a
2024-03-20 00:15:04,246 DEBUG c.z.h.p.HikariPool [HikariPool-1 housekeeper] HikariPool-1 - Pool stats (total=10, active=0, idle=10, waiting=0)
2024-03-20 00:15:04,246 DEBUG c.z.h.p.HikariPool [HikariPool-1 housekeeper] HikariPool-1 - Fill pool skipped, pool has sufficient level or currently being filled (queueDepth=0).
2024-03-20 00:15:34,253 DEBUG c.z.h.p.HikariPool [HikariPool-1 housekeeper] HikariPool-1 - Pool stats (total=10, active=0, idle=10, waiting=0)
2024-03-20 00:15:34,253 DEBUG c.z.h.p.HikariPool [HikariPool-1 housekeeper] HikariPool-1 - Fill pool skipped, pool has sufficient level or currently being filled (queueDepth=0).
2024-03-20 00:16:04,262 DEBUG c.z.h.p.HikariPool [HikariPool-1 housekeeper] HikariPool-1 - Pool stats (total=10, active=0, idle=10, waiting=0)
2024-03-20 00:16:04,262 DEBUG c.z.h.p.HikariPool [HikariPool-1 housekeeper] HikariPool-1 - Fill pool skipped, pool has sufficient level or currently being filled (queueDepth=0).
2024-03-20 00:16:34,266 DEBUG c.z.h.p.HikariPool [HikariPool-1 housekeeper] HikariPool-1 - Pool stats (total=10, active=0, idle=10, waiting=0)
2024-03-20 00:16:34,266 DEBUG c.z.h.p.HikariPool [HikariPool-1 housekeeper] HikariPool-1 - Fill pool skipped, pool has sufficient level or currently being filled (queueDepth=0).
2024-03-20 00:17:04,274 DEBUG c.z.h.p.HikariPool [HikariPool-1 housekeeper] HikariPool-1 - Pool stats (total=10, active=0, idle=10, waiting=0)
2024-03-20 00:17:04,274 DEBUG c.z.h.p.HikariPool [HikariPool-1 housekeeper] HikariPool-1 - Fill pool skipped, pool has sufficient level or currently being filled (queueDepth=0).
2024-03-20 00:17:34,282 DEBUG c.z.h.p.HikariPool [HikariPool-1 housekeeper] HikariPool-1 - Pool stats (total=10, active=0, idle=10, waiting=0)
2024-03-20 00:17:34,282 DEBUG c.z.h.p.HikariPool [HikariPool-1 housekeeper] HikariPool-1 - Fill pool skipped, pool has sufficient level or currently being filled (queueDepth=0).
2024-03-20 00:18:04,297 DEBUG c.z.h.p.HikariPool [HikariPool-1 housekeeper] HikariPool-1 - Pool stats (total=10, active=0, idle=10, waiting=0)
2024-03-20 00:18:04,297 DEBUG c.z.h.p.HikariPool [HikariPool-1 housekeeper] HikariPool-1 - Fill pool skipped, pool has sufficient level or currently being filled (queueDepth=0).
2024-03-20 00:18:34,306 DEBUG c.z.h.p.HikariPool [HikariPool-1 housekeeper] HikariPool-1 - Pool stats (total=10, active=0, idle=10, waiting=0)
2024-03-20 00:18:34,306 DEBUG c.z.h.p.HikariPool [HikariPool-1 housekeeper] HikariPool-1 - Fill pool skipped, pool has sufficient level or currently being filled (queueDepth=0).
2024-03-20 00:19:04,311 DEBUG c.z.h.p.HikariPool [HikariPool-1 housekeeper] HikariPool-1 - Pool stats (total=10, active=0, idle=10, waiting=0)
2024-03-20 00:19:04,311 DEBUG c.z.h.p.HikariPool [HikariPool-1 housekeeper] HikariPool-1 - Fill pool skipped, pool has sufficient level or currently being filled (queueDepth=0).
2024-03-20 00:19:34,321 DEBUG c.z.h.p.HikariPool [HikariPool-1 housekeeper] HikariPool-1 - Pool stats (total=10, active=0, idle=10, waiting=0)
2024-03-20 00:19:34,321 DEBUG c.z.h.p.HikariPool [HikariPool-1 housekeeper] HikariPool-1 - Fill pool skipped, pool has sufficient level or currently being filled (queueDepth=0).
2024-03-20 00:20:04,324 DEBUG c.z.h.p.HikariPool [HikariPool-1 housekeeper] HikariPool-1 - Pool stats (total=10, active=0, idle=10, waiting=0)
2024-03-20 00:20:04,324 DEBUG c.z.h.p.HikariPool [HikariPool-1 housekeeper] HikariPool-1 - Fill pool skipped, pool has sufficient level or currently being filled (queueDepth=0).
2024-03-20 00:20:34,334 DEBUG c.z.h.p.HikariPool [HikariPool-1 housekeeper] HikariPool-1 - Pool stats (total=10, active=0, idle=10, waiting=0)
2024-03-20 00:20:34,335 DEBUG c.z.h.p.HikariPool [HikariPool-1 housekeeper] HikariPool-1 - Fill pool skipped, pool has sufficient level or currently being filled (queueDepth=0).
2024-03-20 00:21:04,351 DEBUG c.z.h.p.HikariPool [HikariPool-1 housekeeper] HikariPool-1 - Pool stats (total=10, active=0, idle=10, waiting=0)
2024-03-20 00:21:04,351 DEBUG c.z.h.p.HikariPool [HikariPool-1 housekeeper] HikariPool-1 - Fill pool skipped, pool has sufficient level or currently being filled (queueDepth=0).
2024-03-20 00:21:34,367 DEBUG c.z.h.p.HikariPool [HikariPool-1 housekeeper] HikariPool-1 - Pool stats (total=10, active=0, idle=10, waiting=0)
2024-03-20 00:21:34,367 DEBUG c.z.h.p.HikariPool [HikariPool-1 housekeeper] HikariPool-1 - Fill pool skipped, pool has sufficient level or currently being filled (queueDepth=0).
2024-03-20 00:22:04,367 DEBUG c.z.h.p.HikariPool [HikariPool-1 housekeeper] HikariPool-1 - Pool stats (total=10, active=0, idle=10, waiting=0)
2024-03-20 00:22:04,367 DEBUG c.z.h.p.HikariPool [HikariPool-1 housekeeper] HikariPool-1 - Fill pool skipped, pool has sufficient level or currently being filled (queueDepth=0).
2024-03-20 00:22:34,379 DEBUG c.z.h.p.HikariPool [HikariPool-1 housekeeper] HikariPool-1 - Pool stats (total=10, active=0, idle=10, waiting=0)
2024-03-20 00:22:34,379 DEBUG c.z.h.p.HikariPool [HikariPool-1 housekeeper] HikariPool-1 - Fill pool skipped, pool has sufficient level or currently being filled (queueDepth=0).
2024-03-20 00:23:04,385 DEBUG c.z.h.p.HikariPool [HikariPool-1 housekeeper] HikariPool-1 - Pool stats (total=10, active=0, idle=10, waiting=0)
2024-03-20 00:23:04,385 DEBUG c.z.h.p.HikariPool [HikariPool-1 housekeeper] HikariPool-1 - Fill pool skipped, pool has sufficient level or currently being filled (queueDepth=0).
2024-03-20 00:23:34,393 DEBUG c.z.h.p.HikariPool [HikariPool-1 housekeeper] HikariPool-1 - Pool stats (total=10, active=0, idle=10, waiting=0)
2024-03-20 00:23:34,393 DEBUG c.z.h.p.HikariPool [HikariPool-1 housekeeper] HikariPool-1 - Fill pool skipped, pool has sufficient level or currently being filled (queueDepth=0).
2024-03-20 00:24:04,400 DEBUG c.z.h.p.HikariPool [HikariPool-1 housekeeper] HikariPool-1 - Pool stats (total=10, active=0, idle=10, waiting=0)
2024-03-20 00:24:04,400 DEBUG c.z.h.p.HikariPool [HikariPool-1 housekeeper] HikariPool-1 - Fill pool skipped, pool has sufficient level or currently being filled (queueDepth=0).
2024-03-20 00:24:34,408 DEBUG c.z.h.p.HikariPool [HikariPool-1 housekeeper] HikariPool-1 - Pool stats (total=10, active=0, idle=10, waiting=0)
2024-03-20 00:24:34,408 DEBUG c.z.h.p.HikariPool [HikariPool-1 housekeeper] HikariPool-1 - Fill pool skipped, pool has sufficient level or currently being filled (queueDepth=0).
2024-03-20 00:25:04,410 DEBUG c.z.h.p.HikariPool [HikariPool-1 housekeeper] HikariPool-1 - Pool stats (total=10, active=0, idle=10, waiting=0)
2024-03-20 00:25:04,410 DEBUG c.z.h.p.HikariPool [HikariPool-1 housekeeper] HikariPool-1 - Fill pool skipped, pool has sufficient level or currently being filled (queueDepth=0).
2024-03-20 00:25:34,419 DEBUG c.z.h.p.HikariPool [HikariPool-1 housekeeper] HikariPool-1 - Pool stats (total=10, active=0, idle=10, waiting=0)
2024-03-20 00:25:34,419 DEBUG c.z.h.p.HikariPool [HikariPool-1 housekeeper] HikariPool-1 - Fill pool skipped, pool has sufficient level or currently being filled (queueDepth=0).
2024-03-20 00:26:04,426 DEBUG c.z.h.p.HikariPool [HikariPool-1 housekeeper] HikariPool-1 - Pool stats (total=10, active=0, idle=10, waiting=0)
2024-03-20 00:26:04,426 DEBUG c.z.h.p.HikariPool [HikariPool-1 housekeeper] HikariPool-1 - Fill pool skipped, pool has sufficient level or currently being filled (queueDepth=0).
2024-03-20 00:26:34,428 DEBUG c.z.h.p.HikariPool [HikariPool-1 housekeeper] HikariPool-1 - Pool stats (total=10, active=0, idle=10, waiting=0)
2024-03-20 00:26:34,428 DEBUG c.z.h.p.HikariPool [HikariPool-1 housekeeper] HikariPool-1 - Fill pool skipped, pool has sufficient level or currently being filled (queueDepth=0).
2024-03-20 00:27:04,441 DEBUG c.z.h.p.HikariPool [HikariPool-1 housekeeper] HikariPool-1 - Pool stats (total=10, active=0, idle=10, waiting=0)
2024-03-20 00:27:04,441 DEBUG c.z.h.p.HikariPool [HikariPool-1 housekeeper] HikariPool-1 - Fill pool skipped, pool has sufficient level or currently being filled (queueDepth=0).
2024-03-20 00:27:34,453 DEBUG c.z.h.p.HikariPool [HikariPool-1 housekeeper] HikariPool-1 - Pool stats (total=10, active=0, idle=10, waiting=0)
2024-03-20 00:27:34,453 DEBUG c.z.h.p.HikariPool [HikariPool-1 housekeeper] HikariPool-1 - Fill pool skipped, pool has sufficient level or currently being filled (queueDepth=0).
2024-03-20 00:28:04,466 DEBUG c.z.h.p.HikariPool [HikariPool-1 housekeeper] HikariPool-1 - Pool stats (total=10, active=0, idle=10, waiting=0)
2024-03-20 00:28:04,467 DEBUG c.z.h.p.HikariPool [HikariPool-1 housekeeper] HikariPool-1 - Fill pool skipped, pool has sufficient level or currently being filled (queueDepth=0).
2024-03-20 00:28:34,468 DEBUG c.z.h.p.HikariPool [HikariPool-1 housekeeper] HikariPool-1 - Pool stats (total=10, active=0, idle=10, waiting=0)
2024-03-20 00:28:34,468 DEBUG c.z.h.p.HikariPool [HikariPool-1 housekeeper] HikariPool-1 - Fill pool skipped, pool has sufficient level or currently being filled (queueDepth=0).
2024-03-20 00:29:04,476 DEBUG c.z.h.p.HikariPool [HikariPool-1 housekeeper] HikariPool-1 - Pool stats (total=10, active=0, idle=10, waiting=0)
2024-03-20 00:29:04,476 DEBUG c.z.h.p.HikariPool [HikariPool-1 housekeeper] HikariPool-1 - Fill pool skipped, pool has sufficient level or currently being filled (queueDepth=0).
2024-03-20 00:29:34,477 DEBUG c.z.h.p.HikariPool [HikariPool-1 housekeeper] HikariPool-1 - Pool stats (total=10, active=0, idle=10, waiting=0)
2024-03-20 00:29:34,477 DEBUG c.z.h.p.HikariPool [HikariPool-1 housekeeper] HikariPool-1 - Fill pool skipped, pool has sufficient level or currently being filled (queueDepth=0).
2024-03-20 00:30:04,491 DEBUG c.z.h.p.HikariPool [HikariPool-1 housekeeper] HikariPool-1 - Pool stats (total=10, active=0, idle=10, waiting=0)
2024-03-20 00:30:04,491 DEBUG c.z.h.p.HikariPool [HikariPool-1 housekeeper] HikariPool-1 - Fill pool skipped, pool has sufficient level or currently being filled (queueDepth=0).
2024-03-20 00:30:34,502 DEBUG c.z.h.p.HikariPool [HikariPool-1 housekeeper] HikariPool-1 - Pool stats (total=10, active=0, idle=10, waiting=0)
2024-03-20 00:30:34,502 DEBUG c.z.h.p.HikariPool [HikariPool-1 housekeeper] HikariPool-1 - Fill pool skipped, pool has sufficient level or currently being filled (queueDepth=0).
2024-03-20 00:31:04,507 DEBUG c.z.h.p.HikariPool [HikariPool-1 housekeeper] HikariPool-1 - Pool stats (total=10, active=0, idle=10, waiting=0)
2024-03-20 00:31:04,507 DEBUG c.z.h.p.HikariPool [HikariPool-1 housekeeper] HikariPool-1 - Fill pool skipped, pool has sufficient level or currently being filled (queueDepth=0).
2024-03-20 00:31:34,516 DEBUG c.z.h.p.HikariPool [HikariPool-1 housekeeper] HikariPool-1 - Pool stats (total=10, active=0, idle=10, waiting=0)
2024-03-20 00:31:34,516 DEBUG c.z.h.p.HikariPool [HikariPool-1 housekeeper] HikariPool-1 - Fill pool skipped, pool has sufficient level or currently being filled (queueDepth=0).
2024-03-20 00:32:04,519 DEBUG c.z.h.p.HikariPool [HikariPool-1 housekeeper] HikariPool-1 - Pool stats (total=10, active=0, idle=10, waiting=0)
2024-03-20 00:32:04,519 DEBUG c.z.h.p.HikariPool [HikariPool-1 housekeeper] HikariPool-1 - Fill pool skipped, pool has sufficient level or currently being filled (queueDepth=0).
2024-03-20 00:32:34,531 DEBUG c.z.h.p.HikariPool [HikariPool-1 housekeeper] HikariPool-1 - Pool stats (total=10, active=0, idle=10, waiting=0)
2024-03-20 00:32:34,531 DEBUG c.z.h.p.HikariPool [HikariPool-1 housekeeper] HikariPool-1 - Fill pool skipped, pool has sufficient level or currently being filled (queueDepth=0).
2024-03-20 00:33:04,539 DEBUG c.z.h.p.HikariPool [HikariPool-1 housekeeper] HikariPool-1 - Pool stats (total=10, active=0, idle=10, waiting=0)
2024-03-20 00:33:04,540 DEBUG c.z.h.p.HikariPool [HikariPool-1 housekeeper] HikariPool-1 - Fill pool skipped, pool has sufficient level or currently being filled (queueDepth=0).
2024-03-20 00:33:34,544 DEBUG c.z.h.p.HikariPool [HikariPool-1 housekeeper] HikariPool-1 - Pool stats (total=10, active=0, idle=10, waiting=0)
2024-03-20 00:33:34,544 DEBUG c.z.h.p.HikariPool [HikariPool-1 housekeeper] HikariPool-1 - Fill pool skipped, pool has sufficient level or currently being filled (queueDepth=0).
2024-03-20 00:34:04,555 DEBUG c.z.h.p.HikariPool [HikariPool-1 housekeeper] HikariPool-1 - Pool stats (total=10, active=0, idle=10, waiting=0)
2024-03-20 00:34:04,555 DEBUG c.z.h.p.HikariPool [HikariPool-1 housekeeper] HikariPool-1 - Fill pool skipped, pool has sufficient level or currently being filled (queueDepth=0).
2024-03-20 00:34:34,561 DEBUG c.z.h.p.HikariPool [HikariPool-1 housekeeper] HikariPool-1 - Pool stats (total=10, active=0, idle=10, waiting=0)
2024-03-20 00:34:34,561 DEBUG c.z.h.p.HikariPool [HikariPool-1 housekeeper] HikariPool-1 - Fill pool skipped, pool has sufficient level or currently being filled (queueDepth=0).
2024-03-20 00:35:04,570 DEBUG c.z.h.p.HikariPool [HikariPool-1 housekeeper] HikariPool-1 - Pool stats (total=10, active=0, idle=10, waiting=0)
2024-03-20 00:35:04,570 DEBUG c.z.h.p.HikariPool [HikariPool-1 housekeeper] HikariPool-1 - Fill pool skipped, pool has sufficient level or currently being filled (queueDepth=0).
2024-03-20 00:35:34,575 DEBUG c.z.h.p.HikariPool [HikariPool-1 housekeeper] HikariPool-1 - Pool stats (total=10, active=0, idle=10, waiting=0)
2024-03-20 00:35:34,575 DEBUG c.z.h.p.HikariPool [HikariPool-1 housekeeper] HikariPool-1 - Fill pool skipped, pool has sufficient level or currently being filled (queueDepth=0).
2024-03-20 00:36:04,577 DEBUG c.z.h.p.HikariPool [HikariPool-1 housekeeper] HikariPool-1 - Pool stats (total=10, active=0, idle=10, waiting=0)
2024-03-20 00:36:04,577 DEBUG c.z.h.p.HikariPool [HikariPool-1 housekeeper] HikariPool-1 - Fill pool skipped, pool has sufficient level or currently being filled (queueDepth=0).
2024-03-20 00:36:34,587 DEBUG c.z.h.p.HikariPool [HikariPool-1 housekeeper] HikariPool-1 - Pool stats (total=10, active=0, idle=10, waiting=0)
2024-03-20 00:36:34,587 DEBUG c.z.h.p.HikariPool [HikariPool-1 housekeeper] HikariPool-1 - Fill pool skipped, pool has sufficient level or currently being filled (queueDepth=0).
2024-03-20 00:37:04,591 DEBUG c.z.h.p.HikariPool [HikariPool-1 housekeeper] HikariPool-1 - Pool stats (total=10, active=0, idle=10, waiting=0)
2024-03-20 00:37:04,591 DEBUG c.z.h.p.HikariPool [HikariPool-1 housekeeper] HikariPool-1 - Fill pool skipped, pool has sufficient level or currently being filled (queueDepth=0).
2024-03-20 00:37:34,593 DEBUG c.z.h.p.HikariPool [HikariPool-1 housekeeper] HikariPool-1 - Pool stats (total=10, active=0, idle=10, waiting=0)
2024-03-20 00:37:34,593 DEBUG c.z.h.p.HikariPool [HikariPool-1 housekeeper] HikariPool-1 - Fill pool skipped, pool has sufficient level or currently being filled (queueDepth=0).
2024-03-20 00:38:04,594 DEBUG c.z.h.p.HikariPool [HikariPool-1 housekeeper] HikariPool-1 - Pool stats (total=10, active=0, idle=10, waiting=0)
2024-03-20 00:38:04,594 DEBUG c.z.h.p.HikariPool [HikariPool-1 housekeeper] HikariPool-1 - Fill pool skipped, pool has sufficient level or currently being filled (queueDepth=0).
2024-03-20 00:38:34,602 DEBUG c.z.h.p.HikariPool [HikariPool-1 housekeeper] HikariPool-1 - Pool stats (total=10, active=0, idle=10, waiting=0)
2024-03-20 00:38:34,602 DEBUG c.z.h.p.HikariPool [HikariPool-1 housekeeper] HikariPool-1 - Fill pool skipped, pool has sufficient level or currently being filled (queueDepth=0).
2024-03-20 00:39:04,616 DEBUG c.z.h.p.HikariPool [HikariPool-1 housekeeper] HikariPool-1 - Pool stats (total=10, active=0, idle=10, waiting=0)
2024-03-20 00:39:04,616 DEBUG c.z.h.p.HikariPool [HikariPool-1 housekeeper] HikariPool-1 - Fill pool skipped, pool has sufficient level or currently being filled (queueDepth=0).
2024-03-20 00:39:34,626 DEBUG c.z.h.p.HikariPool [HikariPool-1 housekeeper] HikariPool-1 - Pool stats (total=10, active=0, idle=10, waiting=0)
2024-03-20 00:39:34,626 DEBUG c.z.h.p.HikariPool [HikariPool-1 housekeeper] HikariPool-1 - Fill pool skipped, pool has sufficient level or currently being filled (queueDepth=0).
2024-03-20 00:40:04,628 DEBUG c.z.h.p.HikariPool [HikariPool-1 housekeeper] HikariPool-1 - Pool stats (total=10, active=0, idle=10, waiting=0)
2024-03-20 00:40:04,628 DEBUG c.z.h.p.HikariPool [HikariPool-1 housekeeper] HikariPool-1 - Fill pool skipped, pool has sufficient level or currently being filled (queueDepth=0).
2024-03-20 00:40:34,632 DEBUG c.z.h.p.HikariPool [HikariPool-1 housekeeper] HikariPool-1 - Pool stats (total=10, active=0, idle=10, waiting=0)
2024-03-20 00:40:34,632 DEBUG c.z.h.p.HikariPool [HikariPool-1 housekeeper] HikariPool-1 - Fill pool skipped, pool has sufficient level or currently being filled (queueDepth=0).
2024-03-20 00:41:04,636 DEBUG c.z.h.p.HikariPool [HikariPool-1 housekeeper] HikariPool-1 - Pool stats (total=10, active=0, idle=10, waiting=0)
2024-03-20 00:41:04,637 DEBUG c.z.h.p.HikariPool [HikariPool-1 housekeeper] HikariPool-1 - Fill pool skipped, pool has sufficient level or currently being filled (queueDepth=0).
2024-03-20 00:41:34,644 DEBUG c.z.h.p.HikariPool [HikariPool-1 housekeeper] HikariPool-1 - Pool stats (total=10, active=0, idle=10, waiting=0)
2024-03-20 00:41:34,644 DEBUG c.z.h.p.HikariPool [HikariPool-1 housekeeper] HikariPool-1 - Fill pool skipped, pool has sufficient level or currently being filled (queueDepth=0).
2024-03-20 00:42:04,647 DEBUG c.z.h.p.HikariPool [HikariPool-1 housekeeper] HikariPool-1 - Pool stats (total=10, active=0, idle=10, waiting=0)
2024-03-20 00:42:04,647 DEBUG c.z.h.p.HikariPool [HikariPool-1 housekeeper] HikariPool-1 - Fill pool skipped, pool has sufficient level or currently being filled (queueDepth=0).
2024-03-20 00:42:34,661 DEBUG c.z.h.p.HikariPool [HikariPool-1 housekeeper] HikariPool-1 - Pool stats (total=10, active=0, idle=10, waiting=0)
2024-03-20 00:42:34,661 DEBUG c.z.h.p.HikariPool [HikariPool-1 housekeeper] HikariPool-1 - Fill pool skipped, pool has sufficient level or currently being filled (queueDepth=0).
2024-03-20 00:42:35,123 DEBUG c.z.h.p.PoolBase [HikariPool-1 connection closer] HikariPool-1 - Closing connection com.mysql.cj.jdbc.ConnectionImpl@6bc7f58a: (connection has passed maxLifetime)
2024-03-20 00:42:35,136 DEBUG c.z.h.p.HikariPool$PoolEntryCreator [HikariPool-1 connection adder] HikariPool-1 - Added connection com.mysql.cj.jdbc.ConnectionImpl@5300655d
2024-03-20 00:42:54,030 DEBUG c.z.h.p.PoolBase [HikariPool-1 connection closer] HikariPool-1 - Closing connection com.mysql.cj.jdbc.ConnectionImpl@48783550: (connection has passed maxLifetime)
2024-03-20 00:42:54,042 DEBUG c.z.h.p.HikariPool$PoolEntryCreator [HikariPool-1 connection adder] HikariPool-1 - Added connection com.mysql.cj.jdbc.ConnectionImpl@6c840f21
2024-03-20 00:43:04,663 DEBUG c.z.h.p.HikariPool [HikariPool-1 housekeeper] HikariPool-1 - Pool stats (total=10, active=0, idle=10, waiting=0)
2024-03-20 00:43:04,663 DEBUG c.z.h.p.HikariPool [HikariPool-1 housekeeper] HikariPool-1 - Fill pool skipped, pool has sufficient level or currently being filled (queueDepth=0).
2024-03-20 00:43:20,937 DEBUG c.z.h.p.PoolBase [HikariPool-1 connection closer] HikariPool-1 - Closing connection com.mysql.cj.jdbc.ConnectionImpl@9453f6b: (connection has passed maxLifetime)
2024-03-20 00:43:20,948 DEBUG c.z.h.p.HikariPool$PoolEntryCreator [HikariPool-1 connection adder] HikariPool-1 - Added connection com.mysql.cj.jdbc.ConnectionImpl@3d1e7e74
2024-03-20 00:43:24,078 DEBUG c.z.h.p.PoolBase [HikariPool-1 connection closer] HikariPool-1 - Closing connection com.mysql.cj.jdbc.ConnectionImpl@395119ba: (connection has passed maxLifetime)
2024-03-20 00:43:24,089 DEBUG c.z.h.p.HikariPool$PoolEntryCreator [HikariPool-1 connection adder] HikariPool-1 - Added connection com.mysql.cj.jdbc.ConnectionImpl@7c23744f
2024-03-20 00:43:34,673 DEBUG c.z.h.p.HikariPool [HikariPool-1 housekeeper] HikariPool-1 - Pool stats (total=10, active=0, idle=10, waiting=0)
2024-03-20 00:43:34,673 DEBUG c.z.h.p.HikariPool [HikariPool-1 housekeeper] HikariPool-1 - Fill pool skipped, pool has sufficient level or currently being filled (queueDepth=0).
2024-03-20 00:43:35,135 DEBUG c.z.h.p.PoolBase [HikariPool-1 connection closer] HikariPool-1 - Closing connection com.mysql.cj.jdbc.ConnectionImpl@71b78798: (connection has passed maxLifetime)
2024-03-20 00:43:35,146 DEBUG c.z.h.p.HikariPool$PoolEntryCreator [HikariPool-1 connection adder] HikariPool-1 - Added connection com.mysql.cj.jdbc.ConnectionImpl@467fb101
2024-03-20 00:43:42,830 DEBUG c.z.h.p.PoolBase [HikariPool-1 connection closer] HikariPool-1 - Closing connection com.mysql.cj.jdbc.ConnectionImpl@308a8da3: (connection has passed maxLifetime)
2024-03-20 00:43:42,844 DEBUG c.z.h.p.HikariPool$PoolEntryCreator [HikariPool-1 connection adder] HikariPool-1 - Added connection com.mysql.cj.jdbc.ConnectionImpl@3f4d4f95
2024-03-20 00:44:00,524 DEBUG c.z.h.p.PoolBase [HikariPool-1 connection closer] HikariPool-1 - Closing connection com.mysql.cj.jdbc.ConnectionImpl@3e2902f0: (connection has passed maxLifetime)
2024-03-20 00:44:00,535 DEBUG c.z.h.p.HikariPool$PoolEntryCreator [HikariPool-1 connection adder] HikariPool-1 - Added connection com.mysql.cj.jdbc.ConnectionImpl@47d4997
2024-03-20 00:44:03,557 DEBUG c.z.h.p.PoolBase [HikariPool-1 connection closer] HikariPool-1 - Closing connection com.mysql.cj.jdbc.ConnectionImpl@5e84bf39: (connection has passed maxLifetime)
2024-03-20 00:44:03,567 DEBUG c.z.h.p.HikariPool$PoolEntryCreator [HikariPool-1 connection adder] HikariPool-1 - Added connection com.mysql.cj.jdbc.ConnectionImpl@454043ac
2024-03-20 00:44:04,684 DEBUG c.z.h.p.HikariPool [HikariPool-1 housekeeper] HikariPool-1 - Pool stats (total=10, active=0, idle=10, waiting=0)
2024-03-20 00:44:04,684 DEBUG c.z.h.p.HikariPool [HikariPool-1 housekeeper] HikariPool-1 - Fill pool skipped, pool has sufficient level or currently being filled (queueDepth=0).
2024-03-20 00:44:20,510 DEBUG c.z.h.p.PoolBase [HikariPool-1 connection closer] HikariPool-1 - Closing connection com.mysql.cj.jdbc.ConnectionImpl@1fb9b502: (connection has passed maxLifetime)
2024-03-20 00:44:20,523 DEBUG c.z.h.p.HikariPool$PoolEntryCreator [HikariPool-1 connection adder] HikariPool-1 - Added connection com.mysql.cj.jdbc.ConnectionImpl@8af069
2024-03-20 00:44:34,689 DEBUG c.z.h.p.HikariPool [HikariPool-1 housekeeper] HikariPool-1 - Pool stats (total=10, active=0, idle=10, waiting=0)
2024-03-20 00:44:34,689 DEBUG c.z.h.p.HikariPool [HikariPool-1 housekeeper] HikariPool-1 - Fill pool skipped, pool has sufficient level or currently being filled (queueDepth=0).
2024-03-20 00:44:39,593 DEBUG c.z.h.p.PoolBase [HikariPool-1 connection closer] HikariPool-1 - Closing connection com.mysql.cj.jdbc.ConnectionImpl@187fe75a: (connection has passed maxLifetime)
2024-03-20 00:44:39,607 DEBUG c.z.h.p.HikariPool$PoolEntryCreator [HikariPool-1 connection adder] HikariPool-1 - Added connection com.mysql.cj.jdbc.ConnectionImpl@6daa831d
2024-03-20 00:45:04,692 DEBUG c.z.h.p.HikariPool [HikariPool-1 housekeeper] HikariPool-1 - Pool stats (total=10, active=0, idle=10, waiting=0)
2024-03-20 00:45:04,692 DEBUG c.z.h.p.HikariPool [HikariPool-1 housekeeper] HikariPool-1 - Fill pool skipped, pool has sufficient level or currently being filled (queueDepth=0).
2024-03-20 00:45:34,705 DEBUG c.z.h.p.HikariPool [HikariPool-1 housekeeper] HikariPool-1 - Pool stats (total=10, active=0, idle=10, waiting=0)
2024-03-20 00:45:34,705 DEBUG c.z.h.p.HikariPool [HikariPool-1 housekeeper] HikariPool-1 - Fill pool skipped, pool has sufficient level or currently being filled (queueDepth=0).
2024-03-20 00:46:04,708 DEBUG c.z.h.p.HikariPool [HikariPool-1 housekeeper] HikariPool-1 - Pool stats (total=10, active=0, idle=10, waiting=0)
2024-03-20 00:46:04,708 DEBUG c.z.h.p.HikariPool [HikariPool-1 housekeeper] HikariPool-1 - Fill pool skipped, pool has sufficient level or currently being filled (queueDepth=0).
2024-03-20 00:46:34,716 DEBUG c.z.h.p.HikariPool [HikariPool-1 housekeeper] HikariPool-1 - Pool stats (total=10, active=0, idle=10, waiting=0)
2024-03-20 00:46:34,716 DEBUG c.z.h.p.HikariPool [HikariPool-1 housekeeper] HikariPool-1 - Fill pool skipped, pool has sufficient level or currently being filled (queueDepth=0).
2024-03-20 00:47:04,723 DEBUG c.z.h.p.HikariPool [HikariPool-1 housekeeper] HikariPool-1 - Pool stats (total=10, active=0, idle=10, waiting=0)
2024-03-20 00:47:04,723 DEBUG c.z.h.p.HikariPool [HikariPool-1 housekeeper] HikariPool-1 - Fill pool skipped, pool has sufficient level or currently being filled (queueDepth=0).
2024-03-20 00:47:34,728 DEBUG c.z.h.p.HikariPool [HikariPool-1 housekeeper] HikariPool-1 - Pool stats (total=10, active=0, idle=10, waiting=0)
2024-03-20 00:47:34,728 DEBUG c.z.h.p.HikariPool [HikariPool-1 housekeeper] HikariPool-1 - Fill pool skipped, pool has sufficient level or currently being filled (queueDepth=0).
2024-03-20 00:48:04,737 DEBUG c.z.h.p.HikariPool [HikariPool-1 housekeeper] HikariPool-1 - Pool stats (total=10, active=0, idle=10, waiting=0)
2024-03-20 00:48:04,737 DEBUG c.z.h.p.HikariPool [HikariPool-1 housekeeper] HikariPool-1 - Fill pool skipped, pool has sufficient level or currently being filled (queueDepth=0).
2024-03-20 00:48:34,746 DEBUG c.z.h.p.HikariPool [HikariPool-1 housekeeper] HikariPool-1 - Pool stats (total=10, active=0, idle=10, waiting=0)
2024-03-20 00:48:34,746 DEBUG c.z.h.p.HikariPool [HikariPool-1 housekeeper] HikariPool-1 - Fill pool skipped, pool has sufficient level or currently being filled (queueDepth=0).
2024-03-20 00:49:04,754 DEBUG c.z.h.p.HikariPool [HikariPool-1 housekeeper] HikariPool-1 - Pool stats (total=10, active=0, idle=10, waiting=0)
2024-03-20 00:49:04,754 DEBUG c.z.h.p.HikariPool [HikariPool-1 housekeeper] HikariPool-1 - Fill pool skipped, pool has sufficient level or currently being filled (queueDepth=0).
2024-03-20 00:49:34,759 DEBUG c.z.h.p.HikariPool [HikariPool-1 housekeeper] HikariPool-1 - Pool stats (total=10, active=0, idle=10, waiting=0)
2024-03-20 00:49:34,759 DEBUG c.z.h.p.HikariPool [HikariPool-1 housekeeper] HikariPool-1 - Fill pool skipped, pool has sufficient level or currently being filled (queueDepth=0).
2024-03-20 00:50:04,773 DEBUG c.z.h.p.HikariPool [HikariPool-1 housekeeper] HikariPool-1 - Pool stats (total=10, active=0, idle=10, waiting=0)
2024-03-20 00:50:04,773 DEBUG c.z.h.p.HikariPool [HikariPool-1 housekeeper] HikariPool-1 - Fill pool skipped, pool has sufficient level or currently being filled (queueDepth=0).
2024-03-20 00:50:34,789 DEBUG c.z.h.p.HikariPool [HikariPool-1 housekeeper] HikariPool-1 - Pool stats (total=10, active=0, idle=10, waiting=0)
2024-03-20 00:50:34,789 DEBUG c.z.h.p.HikariPool [HikariPool-1 housekeeper] HikariPool-1 - Fill pool skipped, pool has sufficient level or currently being filled (queueDepth=0).
2024-03-20 00:51:04,790 DEBUG c.z.h.p.HikariPool [HikariPool-1 housekeeper] HikariPool-1 - Pool stats (total=10, active=0, idle=10, waiting=0)
2024-03-20 00:51:04,790 DEBUG c.z.h.p.HikariPool [HikariPool-1 housekeeper] HikariPool-1 - Fill pool skipped, pool has sufficient level or currently being filled (queueDepth=0).
2024-03-20 00:51:34,797 DEBUG c.z.h.p.HikariPool [HikariPool-1 housekeeper] HikariPool-1 - Pool stats (total=10, active=0, idle=10, waiting=0)
2024-03-20 00:51:34,797 DEBUG c.z.h.p.HikariPool [HikariPool-1 housekeeper] HikariPool-1 - Fill pool skipped, pool has sufficient level or currently being filled (queueDepth=0).
2024-03-20 00:52:04,798 DEBUG c.z.h.p.HikariPool [HikariPool-1 housekeeper] HikariPool-1 - Pool stats (total=10, active=0, idle=10, waiting=0)
2024-03-20 00:52:04,798 DEBUG c.z.h.p.HikariPool [HikariPool-1 housekeeper] HikariPool-1 - Fill pool skipped, pool has sufficient level or currently being filled (queueDepth=0).
2024-03-20 00:52:34,809 DEBUG c.z.h.p.HikariPool [HikariPool-1 housekeeper] HikariPool-1 - Pool stats (total=10, active=0, idle=10, waiting=0)
2024-03-20 00:52:34,809 DEBUG c.z.h.p.HikariPool [HikariPool-1 housekeeper] HikariPool-1 - Fill pool skipped, pool has sufficient level or currently being filled (queueDepth=0).
2024-03-20 00:53:04,819 DEBUG c.z.h.p.HikariPool [HikariPool-1 housekeeper] HikariPool-1 - Pool stats (total=10, active=0, idle=10, waiting=0)
2024-03-20 00:53:04,819 DEBUG c.z.h.p.HikariPool [HikariPool-1 housekeeper] HikariPool-1 - Fill pool skipped, pool has sufficient level or currently being filled (queueDepth=0).
2024-03-20 00:53:34,829 DEBUG c.z.h.p.HikariPool [HikariPool-1 housekeeper] HikariPool-1 - Pool stats (total=10, active=0, idle=10, waiting=0)
2024-03-20 00:53:34,829 DEBUG c.z.h.p.HikariPool [HikariPool-1 housekeeper] HikariPool-1 - Fill pool skipped, pool has sufficient level or currently being filled (queueDepth=0).
2024-03-20 00:54:04,843 DEBUG c.z.h.p.HikariPool [HikariPool-1 housekeeper] HikariPool-1 - Pool stats (total=10, active=0, idle=10, waiting=0)
2024-03-20 00:54:04,843 DEBUG c.z.h.p.HikariPool [HikariPool-1 housekeeper] HikariPool-1 - Fill pool skipped, pool has sufficient level or currently being filled (queueDepth=0).
2024-03-20 00:54:34,858 DEBUG c.z.h.p.HikariPool [HikariPool-1 housekeeper] HikariPool-1 - Pool stats (total=10, active=0, idle=10, waiting=0)
2024-03-20 00:54:34,858 DEBUG c.z.h.p.HikariPool [HikariPool-1 housekeeper] HikariPool-1 - Fill pool skipped, pool has sufficient level or currently being filled (queueDepth=0).
2024-03-20 00:55:04,860 DEBUG c.z.h.p.HikariPool [HikariPool-1 housekeeper] HikariPool-1 - Pool stats (total=10, active=0, idle=10, waiting=0)
2024-03-20 00:55:04,860 DEBUG c.z.h.p.HikariPool [HikariPool-1 housekeeper] HikariPool-1 - Fill pool skipped, pool has sufficient level or currently being filled (queueDepth=0).
2024-03-20 00:55:34,872 DEBUG c.z.h.p.HikariPool [HikariPool-1 housekeeper] HikariPool-1 - Pool stats (total=10, active=0, idle=10, waiting=0)
2024-03-20 00:55:34,872 DEBUG c.z.h.p.HikariPool [HikariPool-1 housekeeper] HikariPool-1 - Fill pool skipped, pool has sufficient level or currently being filled (queueDepth=0).
2024-03-20 00:56:04,883 DEBUG c.z.h.p.HikariPool [HikariPool-1 housekeeper] HikariPool-1 - Pool stats (total=10, active=0, idle=10, waiting=0)
2024-03-20 00:56:04,883 DEBUG c.z.h.p.HikariPool [HikariPool-1 housekeeper] HikariPool-1 - Fill pool skipped, pool has sufficient level or currently being filled (queueDepth=0).
2024-03-20 00:56:34,893 DEBUG c.z.h.p.HikariPool [HikariPool-1 housekeeper] HikariPool-1 - Pool stats (total=10, active=0, idle=10, waiting=0)
2024-03-20 00:56:34,893 DEBUG c.z.h.p.HikariPool [HikariPool-1 housekeeper] HikariPool-1 - Fill pool skipped, pool has sufficient level or currently being filled (queueDepth=0).
2024-03-20 00:57:04,907 DEBUG c.z.h.p.HikariPool [HikariPool-1 housekeeper] HikariPool-1 - Pool stats (total=10, active=0, idle=10, waiting=0)
2024-03-20 00:57:04,908 DEBUG c.z.h.p.HikariPool [HikariPool-1 housekeeper] HikariPool-1 - Fill pool skipped, pool has sufficient level or currently being filled (queueDepth=0).
2024-03-20 00:57:34,917 DEBUG c.z.h.p.HikariPool [HikariPool-1 housekeeper] HikariPool-1 - Pool stats (total=10, active=0, idle=10, waiting=0)
2024-03-20 00:57:34,917 DEBUG c.z.h.p.HikariPool [HikariPool-1 housekeeper] HikariPool-1 - Fill pool skipped, pool has sufficient level or currently being filled (queueDepth=0).
2024-03-20 00:58:04,927 DEBUG c.z.h.p.HikariPool [HikariPool-1 housekeeper] HikariPool-1 - Pool stats (total=10, active=0, idle=10, waiting=0)
2024-03-20 00:58:04,928 DEBUG c.z.h.p.HikariPool [HikariPool-1 housekeeper] HikariPool-1 - Fill pool skipped, pool has sufficient level or currently being filled (queueDepth=0).
2024-03-20 00:58:34,943 DEBUG c.z.h.p.HikariPool [HikariPool-1 housekeeper] HikariPool-1 - Pool stats (total=10, active=0, idle=10, waiting=0)
2024-03-20 00:58:34,943 DEBUG c.z.h.p.HikariPool [HikariPool-1 housekeeper] HikariPool-1 - Fill pool skipped, pool has sufficient level or currently being filled (queueDepth=0).
2024-03-20 00:59:04,950 DEBUG c.z.h.p.HikariPool [HikariPool-1 housekeeper] HikariPool-1 - Pool stats (total=10, active=0, idle=10, waiting=0)
2024-03-20 00:59:04,950 DEBUG c.z.h.p.HikariPool [HikariPool-1 housekeeper] HikariPool-1 - Fill pool skipped, pool has sufficient level or currently being filled (queueDepth=0).
2024-03-20 00:59:34,957 DEBUG c.z.h.p.HikariPool [HikariPool-1 housekeeper] HikariPool-1 - Pool stats (total=10, active=0, idle=10, waiting=0)
2024-03-20 00:59:34,958 DEBUG c.z.h.p.HikariPool [HikariPool-1 housekeeper] HikariPool-1 - Fill pool skipped, pool has sufficient level or currently being filled (queueDepth=0).
2024-03-20 01:00:04,961 DEBUG c.z.h.p.HikariPool [HikariPool-1 housekeeper] HikariPool-1 - Pool stats (total=10, active=0, idle=10, waiting=0)
2024-03-20 01:00:04,961 DEBUG c.z.h.p.HikariPool [HikariPool-1 housekeeper] HikariPool-1 - Fill pool skipped, pool has sufficient level or currently being filled (queueDepth=0).
2024-03-20 01:00:34,969 DEBUG c.z.h.p.HikariPool [HikariPool-1 housekeeper] HikariPool-1 - Pool stats (total=10, active=0, idle=10, waiting=0)
2024-03-20 01:00:34,969 DEBUG c.z.h.p.HikariPool [HikariPool-1 housekeeper] HikariPool-1 - Fill pool skipped, pool has sufficient level or currently being filled (queueDepth=0).
2024-03-20 01:01:04,984 DEBUG c.z.h.p.HikariPool [HikariPool-1 housekeeper] HikariPool-1 - Pool stats (total=10, active=0, idle=10, waiting=0)
2024-03-20 01:01:04,984 DEBUG c.z.h.p.HikariPool [HikariPool-1 housekeeper] HikariPool-1 - Fill pool skipped, pool has sufficient level or currently being filled (queueDepth=0).
2024-03-20 01:01:34,996 DEBUG c.z.h.p.HikariPool [HikariPool-1 housekeeper] HikariPool-1 - Pool stats (total=10, active=0, idle=10, waiting=0)
2024-03-20 01:01:34,996 DEBUG c.z.h.p.HikariPool [HikariPool-1 housekeeper] HikariPool-1 - Fill pool skipped, pool has sufficient level or currently being filled (queueDepth=0).
2024-03-20 01:02:05,000 DEBUG c.z.h.p.HikariPool [HikariPool-1 housekeeper] HikariPool-1 - Pool stats (total=10, active=0, idle=10, waiting=0)
2024-03-20 01:02:05,001 DEBUG c.z.h.p.HikariPool [HikariPool-1 housekeeper] HikariPool-1 - Fill pool skipped, pool has sufficient level or currently being filled (queueDepth=0).
2024-03-20 01:02:35,008 DEBUG c.z.h.p.HikariPool [HikariPool-1 housekeeper] HikariPool-1 - Pool stats (total=10, active=0, idle=10, waiting=0)
2024-03-20 01:02:35,008 DEBUG c.z.h.p.HikariPool [HikariPool-1 housekeeper] HikariPool-1 - Fill pool skipped, pool has sufficient level or currently being filled (queueDepth=0).
2024-03-20 01:03:05,010 DEBUG c.z.h.p.HikariPool [HikariPool-1 housekeeper] HikariPool-1 - Pool stats (total=10, active=0, idle=10, waiting=0)
2024-03-20 01:03:05,010 DEBUG c.z.h.p.HikariPool [HikariPool-1 housekeeper] HikariPool-1 - Fill pool skipped, pool has sufficient level or currently being filled (queueDepth=0).
2024-03-20 01:03:35,023 DEBUG c.z.h.p.HikariPool [HikariPool-1 housekeeper] HikariPool-1 - Pool stats (total=10, active=0, idle=10, waiting=0)
2024-03-20 01:03:35,023 DEBUG c.z.h.p.HikariPool [HikariPool-1 housekeeper] HikariPool-1 - Fill pool skipped, pool has sufficient level or currently being filled (queueDepth=0).
2024-03-20 01:04:05,036 DEBUG c.z.h.p.HikariPool [HikariPool-1 housekeeper] HikariPool-1 - Pool stats (total=10, active=0, idle=10, waiting=0)
2024-03-20 01:04:05,036 DEBUG c.z.h.p.HikariPool [HikariPool-1 housekeeper] HikariPool-1 - Fill pool skipped, pool has sufficient level or currently being filled (queueDepth=0).
2024-03-20 01:04:35,041 DEBUG c.z.h.p.HikariPool [HikariPool-1 housekeeper] HikariPool-1 - Pool stats (total=10, active=0, idle=10, waiting=0)
2024-03-20 01:04:35,041 DEBUG c.z.h.p.HikariPool [HikariPool-1 housekeeper] HikariPool-1 - Fill pool skipped, pool has sufficient level or currently being filled (queueDepth=0).
2024-03-20 01:05:05,043 DEBUG c.z.h.p.HikariPool [HikariPool-1 housekeeper] HikariPool-1 - Pool stats (total=10, active=0, idle=10, waiting=0)
2024-03-20 01:05:05,043 DEBUG c.z.h.p.HikariPool [HikariPool-1 housekeeper] HikariPool-1 - Fill pool skipped, pool has sufficient level or currently being filled (queueDepth=0).
